<?xml version="1.0" encoding="UTF-8"?>
<testsuite xmlns:xsi="http://www.w3.org/2001/XMLSchema-instance" xsi:noNamespaceSchemaLocation="https://maven.apache.org/surefire/maven-surefire-plugin/xsd/surefire-test-report-3.0.xsd" version="3.0" name="CatServiceTests" time="0.358" tests="6" errors="0" skipped="0" failures="0">
  <properties>
    <property name="java.specification.version" value="20"/>
    <property name="sun.jnu.encoding" value="UTF-8"/>
    <property name="java.class.path" value="/Users/danilkasirin/projects_C/4sem/rurkk/lab2/app/target/test-classes:/Users/danilkasirin/projects_C/4sem/rurkk/lab2/app/target/classes:/Users/danilkasirin/projects_C/4sem/rurkk/lab2/service-module/target/service-module-1.0-SNAPSHOT.jar:/Users/danilkasirin/.m2/repository/org/projectlombok/lombok/1.18.30/lombok-1.18.30.jar:/Users/danilkasirin/projects_C/4sem/rurkk/lab2/dao-module/target/dao-module-1.0-SNAPSHOT.jar:/Users/danilkasirin/.m2/repository/org/springframework/boot/spring-boot-starter-data-jpa/3.2.1/spring-boot-starter-data-jpa-3.2.1.jar:/Users/danilkasirin/.m2/repository/org/springframework/boot/spring-boot-starter-aop/3.2.1/spring-boot-starter-aop-3.2.1.jar:/Users/danilkasirin/.m2/repository/org/aspectj/aspectjweaver/1.9.21/aspectjweaver-1.9.21.jar:/Users/danilkasirin/.m2/repository/org/springframework/boot/spring-boot-starter-jdbc/3.2.1/spring-boot-starter-jdbc-3.2.1.jar:/Users/danilkasirin/.m2/repository/com/zaxxer/HikariCP/5.0.1/HikariCP-5.0.1.jar:/Users/danilkasirin/.m2/repository/org/springframework/spring-jdbc/6.1.2/spring-jdbc-6.1.2.jar:/Users/danilkasirin/.m2/repository/org/hibernate/orm/hibernate-core/6.4.1.Final/hibernate-core-6.4.1.Final.jar:/Users/danilkasirin/.m2/repository/jakarta/persistence/jakarta.persistence-api/3.1.0/jakarta.persistence-api-3.1.0.jar:/Users/danilkasirin/.m2/repository/jakarta/transaction/jakarta.transaction-api/2.0.1/jakarta.transaction-api-2.0.1.jar:/Users/danilkasirin/.m2/repository/org/hibernate/common/hibernate-commons-annotations/6.0.6.Final/hibernate-commons-annotations-6.0.6.Final.jar:/Users/danilkasirin/.m2/repository/io/smallrye/jandex/3.1.2/jandex-3.1.2.jar:/Users/danilkasirin/.m2/repository/jakarta/xml/bind/jakarta.xml.bind-api/4.0.0/jakarta.xml.bind-api-4.0.0.jar:/Users/danilkasirin/.m2/repository/jakarta/activation/jakarta.activation-api/2.1.0/jakarta.activation-api-2.1.0.jar:/Users/danilkasirin/.m2/repository/org/glassfish/jaxb/jaxb-runtime/4.0.2/jaxb-runtime-4.0.2.jar:/Users/danilkasirin/.m2/repository/org/glassfish/jaxb/jaxb-core/4.0.2/jaxb-core-4.0.2.jar:/Users/danilkasirin/.m2/repository/org/eclipse/angus/angus-activation/2.0.0/angus-activation-2.0.0.jar:/Users/danilkasirin/.m2/repository/org/glassfish/jaxb/txw2/4.0.2/txw2-4.0.2.jar:/Users/danilkasirin/.m2/repository/com/sun/istack/istack-commons-runtime/4.1.1/istack-commons-runtime-4.1.1.jar:/Users/danilkasirin/.m2/repository/jakarta/inject/jakarta.inject-api/2.0.1/jakarta.inject-api-2.0.1.jar:/Users/danilkasirin/.m2/repository/org/antlr/antlr4-runtime/4.13.0/antlr4-runtime-4.13.0.jar:/Users/danilkasirin/.m2/repository/org/springframework/data/spring-data-jpa/3.2.1/spring-data-jpa-3.2.1.jar:/Users/danilkasirin/.m2/repository/org/springframework/data/spring-data-commons/3.2.1/spring-data-commons-3.2.1.jar:/Users/danilkasirin/.m2/repository/org/springframework/spring-orm/6.1.2/spring-orm-6.1.2.jar:/Users/danilkasirin/.m2/repository/org/springframework/spring-tx/6.1.2/spring-tx-6.1.2.jar:/Users/danilkasirin/.m2/repository/org/slf4j/slf4j-api/2.0.2/slf4j-api-2.0.2.jar:/Users/danilkasirin/.m2/repository/org/springframework/spring-aspects/6.1.2/spring-aspects-6.1.2.jar:/Users/danilkasirin/.m2/repository/org/postgresql/postgresql/42.5.0/postgresql-42.5.0.jar:/Users/danilkasirin/.m2/repository/org/checkerframework/checker-qual/3.5.0/checker-qual-3.5.0.jar:/Users/danilkasirin/.m2/repository/jakarta/validation/jakarta.validation-api/3.0.2/jakarta.validation-api-3.0.2.jar:/Users/danilkasirin/.m2/repository/org/springframework/boot/spring-boot-autoconfigure/3.2.5/spring-boot-autoconfigure-3.2.5.jar:/Users/danilkasirin/.m2/repository/org/springframework/boot/spring-boot/3.2.5/spring-boot-3.2.5.jar:/Users/danilkasirin/.m2/repository/org/springframework/spring-core/6.1.6/spring-core-6.1.6.jar:/Users/danilkasirin/.m2/repository/org/springframework/spring-jcl/6.1.6/spring-jcl-6.1.6.jar:/Users/danilkasirin/.m2/repository/org/springframework/spring-context/6.1.6/spring-context-6.1.6.jar:/Users/danilkasirin/.m2/repository/org/springframework/boot/spring-boot-starter-security/3.2.4/spring-boot-starter-security-3.2.4.jar:/Users/danilkasirin/.m2/repository/org/springframework/boot/spring-boot-starter/3.2.4/spring-boot-starter-3.2.4.jar:/Users/danilkasirin/.m2/repository/org/springframework/boot/spring-boot-starter-logging/3.2.4/spring-boot-starter-logging-3.2.4.jar:/Users/danilkasirin/.m2/repository/ch/qos/logback/logback-classic/1.4.14/logback-classic-1.4.14.jar:/Users/danilkasirin/.m2/repository/ch/qos/logback/logback-core/1.4.14/logback-core-1.4.14.jar:/Users/danilkasirin/.m2/repository/org/apache/logging/log4j/log4j-to-slf4j/2.21.1/log4j-to-slf4j-2.21.1.jar:/Users/danilkasirin/.m2/repository/org/apache/logging/log4j/log4j-api/2.21.1/log4j-api-2.21.1.jar:/Users/danilkasirin/.m2/repository/org/slf4j/jul-to-slf4j/2.0.12/jul-to-slf4j-2.0.12.jar:/Users/danilkasirin/.m2/repository/jakarta/annotation/jakarta.annotation-api/2.1.1/jakarta.annotation-api-2.1.1.jar:/Users/danilkasirin/.m2/repository/org/yaml/snakeyaml/2.2/snakeyaml-2.2.jar:/Users/danilkasirin/.m2/repository/org/springframework/spring-aop/6.1.5/spring-aop-6.1.5.jar:/Users/danilkasirin/.m2/repository/org/springframework/spring-beans/6.1.5/spring-beans-6.1.5.jar:/Users/danilkasirin/.m2/repository/org/springframework/security/spring-security-config/6.2.3/spring-security-config-6.2.3.jar:/Users/danilkasirin/.m2/repository/org/springframework/security/spring-security-core/6.2.3/spring-security-core-6.2.3.jar:/Users/danilkasirin/.m2/repository/org/springframework/security/spring-security-crypto/6.2.3/spring-security-crypto-6.2.3.jar:/Users/danilkasirin/.m2/repository/org/springframework/security/spring-security-web/6.2.3/spring-security-web-6.2.3.jar:/Users/danilkasirin/.m2/repository/org/springframework/spring-expression/6.1.5/spring-expression-6.1.5.jar:/Users/danilkasirin/.m2/repository/org/mockito/mockito-core/4.4.0/mockito-core-4.4.0.jar:/Users/danilkasirin/.m2/repository/net/bytebuddy/byte-buddy/1.12.8/byte-buddy-1.12.8.jar:/Users/danilkasirin/.m2/repository/net/bytebuddy/byte-buddy-agent/1.12.8/byte-buddy-agent-1.12.8.jar:/Users/danilkasirin/.m2/repository/org/objenesis/objenesis/3.2/objenesis-3.2.jar:/Users/danilkasirin/.m2/repository/org/mockito/mockito-junit-jupiter/4.4.0/mockito-junit-jupiter-4.4.0.jar:/Users/danilkasirin/.m2/repository/org/junit/jupiter/junit-jupiter-api/5.8.2/junit-jupiter-api-5.8.2.jar:/Users/danilkasirin/.m2/repository/org/opentest4j/opentest4j/1.2.0/opentest4j-1.2.0.jar:/Users/danilkasirin/.m2/repository/org/junit/platform/junit-platform-commons/1.8.2/junit-platform-commons-1.8.2.jar:/Users/danilkasirin/.m2/repository/org/apiguardian/apiguardian-api/1.1.2/apiguardian-api-1.1.2.jar:/Users/danilkasirin/projects_C/4sem/rurkk/lab2/controller-module/target/controller-module-1.0-SNAPSHOT.jar:/Users/danilkasirin/.m2/repository/org/springframework/boot/spring-boot-starter-web/3.2.5/spring-boot-starter-web-3.2.5.jar:/Users/danilkasirin/.m2/repository/org/springframework/boot/spring-boot-starter-json/3.2.5/spring-boot-starter-json-3.2.5.jar:/Users/danilkasirin/.m2/repository/com/fasterxml/jackson/core/jackson-databind/2.15.4/jackson-databind-2.15.4.jar:/Users/danilkasirin/.m2/repository/com/fasterxml/jackson/core/jackson-annotations/2.15.4/jackson-annotations-2.15.4.jar:/Users/danilkasirin/.m2/repository/com/fasterxml/jackson/core/jackson-core/2.15.4/jackson-core-2.15.4.jar:/Users/danilkasirin/.m2/repository/com/fasterxml/jackson/datatype/jackson-datatype-jdk8/2.15.4/jackson-datatype-jdk8-2.15.4.jar:/Users/danilkasirin/.m2/repository/com/fasterxml/jackson/datatype/jackson-datatype-jsr310/2.15.4/jackson-datatype-jsr310-2.15.4.jar:/Users/danilkasirin/.m2/repository/com/fasterxml/jackson/module/jackson-module-parameter-names/2.15.4/jackson-module-parameter-names-2.15.4.jar:/Users/danilkasirin/.m2/repository/org/springframework/boot/spring-boot-starter-tomcat/3.2.5/spring-boot-starter-tomcat-3.2.5.jar:/Users/danilkasirin/.m2/repository/org/apache/tomcat/embed/tomcat-embed-core/10.1.20/tomcat-embed-core-10.1.20.jar:/Users/danilkasirin/.m2/repository/org/apache/tomcat/embed/tomcat-embed-websocket/10.1.20/tomcat-embed-websocket-10.1.20.jar:/Users/danilkasirin/.m2/repository/org/springframework/spring-web/6.1.6/spring-web-6.1.6.jar:/Users/danilkasirin/.m2/repository/io/micrometer/micrometer-observation/1.12.5/micrometer-observation-1.12.5.jar:/Users/danilkasirin/.m2/repository/io/micrometer/micrometer-commons/1.12.5/micrometer-commons-1.12.5.jar:/Users/danilkasirin/.m2/repository/org/springframework/spring-webmvc/6.1.6/spring-webmvc-6.1.6.jar:/Users/danilkasirin/.m2/repository/org/springframework/boot/spring-boot-starter-validation/3.2.4/spring-boot-starter-validation-3.2.4.jar:/Users/danilkasirin/.m2/repository/org/apache/tomcat/embed/tomcat-embed-el/10.1.19/tomcat-embed-el-10.1.19.jar:/Users/danilkasirin/.m2/repository/org/hibernate/validator/hibernate-validator/8.0.1.Final/hibernate-validator-8.0.1.Final.jar:/Users/danilkasirin/.m2/repository/org/jboss/logging/jboss-logging/3.4.3.Final/jboss-logging-3.4.3.Final.jar:/Users/danilkasirin/.m2/repository/com/fasterxml/classmate/1.5.1/classmate-1.5.1.jar:"/>
    <property name="java.vm.vendor" value="Oracle Corporation"/>
    <property name="sun.arch.data.model" value="64"/>
    <property name="java.vendor.url" value="https://java.oracle.com/"/>
    <property name="user.timezone" value="Europe/Moscow"/>
    <property name="os.name" value="Mac OS X"/>
    <property name="java.vm.specification.version" value="20"/>
    <property name="sun.java.launcher" value="SUN_STANDARD"/>
    <property name="user.country" value="RU"/>
    <property name="sun.boot.library.path" value="/Users/danilkasirin/Library/Java/JavaVirtualMachines/openjdk-20.0.1/Contents/Home/lib"/>
    <property name="sun.java.command" value="/Users/danilkasirin/projects_C/4sem/rurkk/lab2/app/target/surefire/surefirebooter-20240504032642995_3.jar /Users/danilkasirin/projects_C/4sem/rurkk/lab2/app/target/surefire 2024-05-04T03-26-38_303-jvmRun1 surefire-20240504032642995_1tmp surefire_0-20240504032642995_2tmp"/>
    <property name="http.nonProxyHosts" value="local|*.local|169.254/16|*.169.254/16"/>
    <property name="jdk.debug" value="release"/>
    <property name="surefire.test.class.path" value="/Users/danilkasirin/projects_C/4sem/rurkk/lab2/app/target/test-classes:/Users/danilkasirin/projects_C/4sem/rurkk/lab2/app/target/classes:/Users/danilkasirin/projects_C/4sem/rurkk/lab2/service-module/target/service-module-1.0-SNAPSHOT.jar:/Users/danilkasirin/.m2/repository/org/projectlombok/lombok/1.18.30/lombok-1.18.30.jar:/Users/danilkasirin/projects_C/4sem/rurkk/lab2/dao-module/target/dao-module-1.0-SNAPSHOT.jar:/Users/danilkasirin/.m2/repository/org/springframework/boot/spring-boot-starter-data-jpa/3.2.1/spring-boot-starter-data-jpa-3.2.1.jar:/Users/danilkasirin/.m2/repository/org/springframework/boot/spring-boot-starter-aop/3.2.1/spring-boot-starter-aop-3.2.1.jar:/Users/danilkasirin/.m2/repository/org/aspectj/aspectjweaver/1.9.21/aspectjweaver-1.9.21.jar:/Users/danilkasirin/.m2/repository/org/springframework/boot/spring-boot-starter-jdbc/3.2.1/spring-boot-starter-jdbc-3.2.1.jar:/Users/danilkasirin/.m2/repository/com/zaxxer/HikariCP/5.0.1/HikariCP-5.0.1.jar:/Users/danilkasirin/.m2/repository/org/springframework/spring-jdbc/6.1.2/spring-jdbc-6.1.2.jar:/Users/danilkasirin/.m2/repository/org/hibernate/orm/hibernate-core/6.4.1.Final/hibernate-core-6.4.1.Final.jar:/Users/danilkasirin/.m2/repository/jakarta/persistence/jakarta.persistence-api/3.1.0/jakarta.persistence-api-3.1.0.jar:/Users/danilkasirin/.m2/repository/jakarta/transaction/jakarta.transaction-api/2.0.1/jakarta.transaction-api-2.0.1.jar:/Users/danilkasirin/.m2/repository/org/hibernate/common/hibernate-commons-annotations/6.0.6.Final/hibernate-commons-annotations-6.0.6.Final.jar:/Users/danilkasirin/.m2/repository/io/smallrye/jandex/3.1.2/jandex-3.1.2.jar:/Users/danilkasirin/.m2/repository/jakarta/xml/bind/jakarta.xml.bind-api/4.0.0/jakarta.xml.bind-api-4.0.0.jar:/Users/danilkasirin/.m2/repository/jakarta/activation/jakarta.activation-api/2.1.0/jakarta.activation-api-2.1.0.jar:/Users/danilkasirin/.m2/repository/org/glassfish/jaxb/jaxb-runtime/4.0.2/jaxb-runtime-4.0.2.jar:/Users/danilkasirin/.m2/repository/org/glassfish/jaxb/jaxb-core/4.0.2/jaxb-core-4.0.2.jar:/Users/danilkasirin/.m2/repository/org/eclipse/angus/angus-activation/2.0.0/angus-activation-2.0.0.jar:/Users/danilkasirin/.m2/repository/org/glassfish/jaxb/txw2/4.0.2/txw2-4.0.2.jar:/Users/danilkasirin/.m2/repository/com/sun/istack/istack-commons-runtime/4.1.1/istack-commons-runtime-4.1.1.jar:/Users/danilkasirin/.m2/repository/jakarta/inject/jakarta.inject-api/2.0.1/jakarta.inject-api-2.0.1.jar:/Users/danilkasirin/.m2/repository/org/antlr/antlr4-runtime/4.13.0/antlr4-runtime-4.13.0.jar:/Users/danilkasirin/.m2/repository/org/springframework/data/spring-data-jpa/3.2.1/spring-data-jpa-3.2.1.jar:/Users/danilkasirin/.m2/repository/org/springframework/data/spring-data-commons/3.2.1/spring-data-commons-3.2.1.jar:/Users/danilkasirin/.m2/repository/org/springframework/spring-orm/6.1.2/spring-orm-6.1.2.jar:/Users/danilkasirin/.m2/repository/org/springframework/spring-tx/6.1.2/spring-tx-6.1.2.jar:/Users/danilkasirin/.m2/repository/org/slf4j/slf4j-api/2.0.2/slf4j-api-2.0.2.jar:/Users/danilkasirin/.m2/repository/org/springframework/spring-aspects/6.1.2/spring-aspects-6.1.2.jar:/Users/danilkasirin/.m2/repository/org/postgresql/postgresql/42.5.0/postgresql-42.5.0.jar:/Users/danilkasirin/.m2/repository/org/checkerframework/checker-qual/3.5.0/checker-qual-3.5.0.jar:/Users/danilkasirin/.m2/repository/jakarta/validation/jakarta.validation-api/3.0.2/jakarta.validation-api-3.0.2.jar:/Users/danilkasirin/.m2/repository/org/springframework/boot/spring-boot-autoconfigure/3.2.5/spring-boot-autoconfigure-3.2.5.jar:/Users/danilkasirin/.m2/repository/org/springframework/boot/spring-boot/3.2.5/spring-boot-3.2.5.jar:/Users/danilkasirin/.m2/repository/org/springframework/spring-core/6.1.6/spring-core-6.1.6.jar:/Users/danilkasirin/.m2/repository/org/springframework/spring-jcl/6.1.6/spring-jcl-6.1.6.jar:/Users/danilkasirin/.m2/repository/org/springframework/spring-context/6.1.6/spring-context-6.1.6.jar:/Users/danilkasirin/.m2/repository/org/springframework/boot/spring-boot-starter-security/3.2.4/spring-boot-starter-security-3.2.4.jar:/Users/danilkasirin/.m2/repository/org/springframework/boot/spring-boot-starter/3.2.4/spring-boot-starter-3.2.4.jar:/Users/danilkasirin/.m2/repository/org/springframework/boot/spring-boot-starter-logging/3.2.4/spring-boot-starter-logging-3.2.4.jar:/Users/danilkasirin/.m2/repository/ch/qos/logback/logback-classic/1.4.14/logback-classic-1.4.14.jar:/Users/danilkasirin/.m2/repository/ch/qos/logback/logback-core/1.4.14/logback-core-1.4.14.jar:/Users/danilkasirin/.m2/repository/org/apache/logging/log4j/log4j-to-slf4j/2.21.1/log4j-to-slf4j-2.21.1.jar:/Users/danilkasirin/.m2/repository/org/apache/logging/log4j/log4j-api/2.21.1/log4j-api-2.21.1.jar:/Users/danilkasirin/.m2/repository/org/slf4j/jul-to-slf4j/2.0.12/jul-to-slf4j-2.0.12.jar:/Users/danilkasirin/.m2/repository/jakarta/annotation/jakarta.annotation-api/2.1.1/jakarta.annotation-api-2.1.1.jar:/Users/danilkasirin/.m2/repository/org/yaml/snakeyaml/2.2/snakeyaml-2.2.jar:/Users/danilkasirin/.m2/repository/org/springframework/spring-aop/6.1.5/spring-aop-6.1.5.jar:/Users/danilkasirin/.m2/repository/org/springframework/spring-beans/6.1.5/spring-beans-6.1.5.jar:/Users/danilkasirin/.m2/repository/org/springframework/security/spring-security-config/6.2.3/spring-security-config-6.2.3.jar:/Users/danilkasirin/.m2/repository/org/springframework/security/spring-security-core/6.2.3/spring-security-core-6.2.3.jar:/Users/danilkasirin/.m2/repository/org/springframework/security/spring-security-crypto/6.2.3/spring-security-crypto-6.2.3.jar:/Users/danilkasirin/.m2/repository/org/springframework/security/spring-security-web/6.2.3/spring-security-web-6.2.3.jar:/Users/danilkasirin/.m2/repository/org/springframework/spring-expression/6.1.5/spring-expression-6.1.5.jar:/Users/danilkasirin/.m2/repository/org/mockito/mockito-core/4.4.0/mockito-core-4.4.0.jar:/Users/danilkasirin/.m2/repository/net/bytebuddy/byte-buddy/1.12.8/byte-buddy-1.12.8.jar:/Users/danilkasirin/.m2/repository/net/bytebuddy/byte-buddy-agent/1.12.8/byte-buddy-agent-1.12.8.jar:/Users/danilkasirin/.m2/repository/org/objenesis/objenesis/3.2/objenesis-3.2.jar:/Users/danilkasirin/.m2/repository/org/mockito/mockito-junit-jupiter/4.4.0/mockito-junit-jupiter-4.4.0.jar:/Users/danilkasirin/.m2/repository/org/junit/jupiter/junit-jupiter-api/5.8.2/junit-jupiter-api-5.8.2.jar:/Users/danilkasirin/.m2/repository/org/opentest4j/opentest4j/1.2.0/opentest4j-1.2.0.jar:/Users/danilkasirin/.m2/repository/org/junit/platform/junit-platform-commons/1.8.2/junit-platform-commons-1.8.2.jar:/Users/danilkasirin/.m2/repository/org/apiguardian/apiguardian-api/1.1.2/apiguardian-api-1.1.2.jar:/Users/danilkasirin/projects_C/4sem/rurkk/lab2/controller-module/target/controller-module-1.0-SNAPSHOT.jar:/Users/danilkasirin/.m2/repository/org/springframework/boot/spring-boot-starter-web/3.2.5/spring-boot-starter-web-3.2.5.jar:/Users/danilkasirin/.m2/repository/org/springframework/boot/spring-boot-starter-json/3.2.5/spring-boot-starter-json-3.2.5.jar:/Users/danilkasirin/.m2/repository/com/fasterxml/jackson/core/jackson-databind/2.15.4/jackson-databind-2.15.4.jar:/Users/danilkasirin/.m2/repository/com/fasterxml/jackson/core/jackson-annotations/2.15.4/jackson-annotations-2.15.4.jar:/Users/danilkasirin/.m2/repository/com/fasterxml/jackson/core/jackson-core/2.15.4/jackson-core-2.15.4.jar:/Users/danilkasirin/.m2/repository/com/fasterxml/jackson/datatype/jackson-datatype-jdk8/2.15.4/jackson-datatype-jdk8-2.15.4.jar:/Users/danilkasirin/.m2/repository/com/fasterxml/jackson/datatype/jackson-datatype-jsr310/2.15.4/jackson-datatype-jsr310-2.15.4.jar:/Users/danilkasirin/.m2/repository/com/fasterxml/jackson/module/jackson-module-parameter-names/2.15.4/jackson-module-parameter-names-2.15.4.jar:/Users/danilkasirin/.m2/repository/org/springframework/boot/spring-boot-starter-tomcat/3.2.5/spring-boot-starter-tomcat-3.2.5.jar:/Users/danilkasirin/.m2/repository/org/apache/tomcat/embed/tomcat-embed-core/10.1.20/tomcat-embed-core-10.1.20.jar:/Users/danilkasirin/.m2/repository/org/apache/tomcat/embed/tomcat-embed-websocket/10.1.20/tomcat-embed-websocket-10.1.20.jar:/Users/danilkasirin/.m2/repository/org/springframework/spring-web/6.1.6/spring-web-6.1.6.jar:/Users/danilkasirin/.m2/repository/io/micrometer/micrometer-observation/1.12.5/micrometer-observation-1.12.5.jar:/Users/danilkasirin/.m2/repository/io/micrometer/micrometer-commons/1.12.5/micrometer-commons-1.12.5.jar:/Users/danilkasirin/.m2/repository/org/springframework/spring-webmvc/6.1.6/spring-webmvc-6.1.6.jar:/Users/danilkasirin/.m2/repository/org/springframework/boot/spring-boot-starter-validation/3.2.4/spring-boot-starter-validation-3.2.4.jar:/Users/danilkasirin/.m2/repository/org/apache/tomcat/embed/tomcat-embed-el/10.1.19/tomcat-embed-el-10.1.19.jar:/Users/danilkasirin/.m2/repository/org/hibernate/validator/hibernate-validator/8.0.1.Final/hibernate-validator-8.0.1.Final.jar:/Users/danilkasirin/.m2/repository/org/jboss/logging/jboss-logging/3.4.3.Final/jboss-logging-3.4.3.Final.jar:/Users/danilkasirin/.m2/repository/com/fasterxml/classmate/1.5.1/classmate-1.5.1.jar:"/>
    <property name="sun.cpu.endian" value="little"/>
    <property name="user.home" value="/Users/danilkasirin"/>
    <property name="user.language" value="ru"/>
    <property name="java.specification.vendor" value="Oracle Corporation"/>
    <property name="java.version.date" value="2023-04-18"/>
    <property name="java.home" value="/Users/danilkasirin/Library/Java/JavaVirtualMachines/openjdk-20.0.1/Contents/Home"/>
    <property name="file.separator" value="/"/>
    <property name="basedir" value="/Users/danilkasirin/projects_C/4sem/rurkk/lab2/app"/>
    <property name="java.vm.compressedOopsMode" value="Zero based"/>
    <property name="line.separator" value="&#10;"/>
    <property name="java.vm.specification.vendor" value="Oracle Corporation"/>
    <property name="java.specification.name" value="Java Platform API Specification"/>
    <property name="apple.awt.application.name" value="ForkedBooter"/>
    <property name="surefire.real.class.path" value="/Users/danilkasirin/projects_C/4sem/rurkk/lab2/app/target/surefire/surefirebooter-20240504032642995_3.jar"/>
    <property name="sun.management.compiler" value="HotSpot 64-Bit Tiered Compilers"/>
    <property name="ftp.nonProxyHosts" value="local|*.local|169.254/16|*.169.254/16"/>
    <property name="java.runtime.version" value="20.0.1+9-29"/>
    <property name="user.name" value="danilkasirin"/>
    <property name="stdout.encoding" value="UTF-8"/>
    <property name="path.separator" value=":"/>
    <property name="os.version" value="14.4.1"/>
    <property name="java.runtime.name" value="OpenJDK Runtime Environment"/>
    <property name="file.encoding" value="UTF-8"/>
    <property name="java.vm.name" value="OpenJDK 64-Bit Server VM"/>
    <property name="localRepository" value="/Users/danilkasirin/.m2/repository"/>
    <property name="java.vendor.url.bug" value="https://bugreport.java.com/bugreport/"/>
    <property name="java.io.tmpdir" value="/var/folders/nz/yv8zcv6d7yl9crqpf2gz590h0000gn/T/"/>
    <property name="idea.version" value="2023.2"/>
    <property name="java.version" value="20.0.1"/>
    <property name="user.dir" value="/Users/danilkasirin/projects_C/4sem/rurkk/lab2/app"/>
    <property name="os.arch" value="aarch64"/>
    <property name="java.vm.specification.name" value="Java Virtual Machine Specification"/>
    <property name="native.encoding" value="UTF-8"/>
    <property name="java.library.path" value="/Users/danilkasirin/Library/Java/Extensions:/Library/Java/Extensions:/Network/Library/Java/Extensions:/System/Library/Java/Extensions:/usr/lib/java:."/>
    <property name="java.vm.info" value="mixed mode, sharing"/>
    <property name="stderr.encoding" value="UTF-8"/>
    <property name="java.vendor" value="Oracle Corporation"/>
    <property name="java.vm.version" value="20.0.1+9-29"/>
    <property name="sun.io.unicode.encoding" value="UnicodeBig"/>
    <property name="socksNonProxyHosts" value="local|*.local|169.254/16|*.169.254/16"/>
    <property name="java.class.version" value="64.0"/>
  </properties>
  <testcase name="removeCatShouldRemoveCatAndItsRelationships" classname="CatServiceTests" time="0.308"/>
  <testcase name="unfriendCatsShouldRemoveFriendships" classname="CatServiceTests" time="0.004"/>
  <testcase name="findAllCatsShouldReturnListOfCatDtosWhenOwnerExists" classname="CatServiceTests" time="0.018"/>
  <testcase name="removeCatShouldThrowExceptionIfCatNotFound" classname="CatServiceTests" time="0.004"/>
  <testcase name="createCatShouldReturnValidDto" classname="CatServiceTests" time="0.002"/>
  <testcase name="findAllCatsShouldThrowExceptionWhenOwnerNotFound" classname="CatServiceTests" time="0.002"/>
</testsuite>